TN:
SF:src\api.js
FN:10,(anonymous_0)
FN:16,(anonymous_1)
FN:64,generateId
FN:69,connect
FN:79,(anonymous_4)
FN:89,(anonymous_5)
FN:101,(anonymous_6)
FN:121,(anonymous_7)
FN:126,(anonymous_8)
FN:134,(anonymous_9)
FN:147,send
FN:148,(anonymous_11)
FN:162,(anonymous_12)
FN:172,request
FN:178,(anonymous_14)
FN:197,getMockData
FN:213,checkNetworkStatus
FN:214,(anonymous_17)
FN:226,fetchGatewayStatus
FN:248,fetchAgents
FN:261,fetchCronJobs
FN:274,getNetworkState
FN:282,init
FNF:23
FNH:1
FNDA:1,(anonymous_0)
FNDA:0,(anonymous_1)
FNDA:0,generateId
FNDA:0,connect
FNDA:0,(anonymous_4)
FNDA:0,(anonymous_5)
FNDA:0,(anonymous_6)
FNDA:0,(anonymous_7)
FNDA:0,(anonymous_8)
FNDA:0,(anonymous_9)
FNDA:0,send
FNDA:0,(anonymous_11)
FNDA:0,(anonymous_12)
FNDA:0,request
FNDA:0,(anonymous_14)
FNDA:0,getMockData
FNDA:0,checkNetworkStatus
FNDA:0,(anonymous_17)
FNDA:0,fetchGatewayStatus
FNDA:0,fetchAgents
FNDA:0,fetchCronJobs
FNDA:0,getNetworkState
FNDA:0,init
DA:10,1
DA:14,1
DA:17,0
DA:18,0
DA:19,0
DA:29,1
DA:30,1
DA:31,1
DA:32,1
DA:33,1
DA:34,1
DA:37,1
DA:46,1
DA:65,0
DA:70,0
DA:71,0
DA:74,0
DA:76,0
DA:77,0
DA:79,0
DA:80,0
DA:81,0
DA:82,0
DA:83,0
DA:86,0
DA:89,0
DA:90,0
DA:92,0
DA:95,0
DA:96,0
DA:97,0
DA:101,0
DA:102,0
DA:103,0
DA:104,0
DA:106,0
DA:107,0
DA:108,0
DA:110,0
DA:111,0
DA:113,0
DA:117,0
DA:121,0
DA:122,0
DA:123,0
DA:126,0
DA:127,0
DA:128,0
DA:129,0
DA:130,0
DA:133,0
DA:134,0
DA:135,0
DA:136,0
DA:141,0
DA:142,0
DA:148,0
DA:149,0
DA:150,0
DA:151,0
DA:154,0
DA:155,0
DA:157,0
DA:159,0
DA:162,0
DA:163,0
DA:164,0
DA:165,0
DA:174,0
DA:175,0
DA:178,0
DA:181,0
DA:182,0
DA:183,0
DA:185,0
DA:188,0
DA:189,0
DA:190,0
DA:192,0
DA:198,0
DA:200,0
DA:202,0
DA:204,0
DA:206,0
DA:214,0
DA:215,0
DA:216,0
DA:217,0
DA:219,0
DA:220,0
DA:227,0
DA:228,0
DA:229,0
DA:230,0
DA:231,0
DA:232,0
DA:239,0
DA:240,0
DA:241,0
DA:243,0
DA:249,0
DA:250,0
DA:251,0
DA:253,0
DA:254,0
DA:256,0
DA:262,0
DA:263,0
DA:264,0
DA:266,0
DA:267,0
DA:269,0
DA:275,0
DA:283,0
DA:287,1
LF:115
LH:11
BRDA:17,0,0,0
BRDA:17,0,1,0
BRDA:18,1,0,0
BRDA:18,1,1,0
BRDA:19,2,0,0
BRDA:19,2,1,0
BRDA:70,3,0,0
BRDA:70,3,1,0
BRDA:70,4,0,0
BRDA:70,4,1,0
BRDA:70,4,2,0
BRDA:95,5,0,0
BRDA:95,5,1,0
BRDA:106,6,0,0
BRDA:106,6,1,0
BRDA:106,7,0,0
BRDA:106,7,1,0
BRDA:110,8,0,0
BRDA:110,8,1,0
BRDA:133,9,0,0
BRDA:133,9,1,0
BRDA:149,10,0,0
BRDA:149,10,1,0
BRDA:149,11,0,0
BRDA:149,11,1,0
BRDA:163,12,0,0
BRDA:163,12,1,0
BRDA:172,13,0,0
BRDA:174,14,0,0
BRDA:174,14,1,0
BRDA:174,15,0,0
BRDA:174,15,1,0
BRDA:188,16,0,0
BRDA:188,16,1,0
BRDA:198,17,0,0
BRDA:198,17,1,0
BRDA:198,17,2,0
BRDA:198,17,3,0
BRDA:215,18,0,0
BRDA:215,18,1,0
BRDA:215,19,0,0
BRDA:215,19,1,0
BRDA:230,20,0,0
BRDA:230,20,1,0
BRDA:231,21,0,0
BRDA:231,21,1,0
BRDA:236,22,0,0
BRDA:236,22,1,0
BRDA:240,23,0,0
BRDA:240,23,1,0
BRDA:251,24,0,0
BRDA:251,24,1,0
BRDA:253,25,0,0
BRDA:253,25,1,0
BRDA:264,26,0,0
BRDA:264,26,1,0
BRDA:266,27,0,0
BRDA:266,27,1,0
BRDA:277,28,0,0
BRDA:277,28,1,0
BRF:60
BRH:0
end_of_record
TN:
SF:src\app.js
FN:46,formatUptime
FN:60,togglePanel
FN:83,showToast
FN:88,(anonymous_3)
FN:94,initTheme
FN:98,(anonymous_5)
FN:100,(anonymous_6)
FN:104,setTheme
FN:117,renderAgentsList
FN:121,(anonymous_9)
FN:131,renderCronList
FN:135,(anonymous_11)
FN:145,renderDevServices
FN:166,(anonymous_13)
FN:183,renderMockData
FN:210,(anonymous_15)
FN:220,(anonymous_16)
FN:240,renderError
FN:255,openDashboard
FN:263,openUrl
FN:267,showRestartConfirm
FN:281,closeSheet
FN:286,restartGateway
FN:296,(anonymous_23)
FN:308,loadData
FN:320,(anonymous_25)
FN:323,(anonymous_26)
FN:328,renderRealData
FN:333,init
FN:335,(anonymous_29)
FNF:30
FNH:1
FNDA:14,formatUptime
FNDA:0,togglePanel
FNDA:0,showToast
FNDA:0,(anonymous_3)
FNDA:0,initTheme
FNDA:0,(anonymous_5)
FNDA:0,(anonymous_6)
FNDA:0,setTheme
FNDA:0,renderAgentsList
FNDA:0,(anonymous_9)
FNDA:0,renderCronList
FNDA:0,(anonymous_11)
FNDA:0,renderDevServices
FNDA:0,(anonymous_13)
FNDA:0,renderMockData
FNDA:0,(anonymous_15)
FNDA:0,(anonymous_16)
FNDA:0,renderError
FNDA:0,openDashboard
FNDA:0,openUrl
FNDA:0,showRestartConfirm
FNDA:0,closeSheet
FNDA:0,restartGateway
FNDA:0,(anonymous_23)
FNDA:0,loadData
FNDA:0,(anonymous_25)
FNDA:0,(anonymous_26)
FNDA:0,renderRealData
FNDA:0,init
FNDA:0,(anonymous_29)
DA:9,1
DA:36,1
DA:47,14
DA:48,14
DA:49,14
DA:51,14
DA:52,9
DA:53,5
DA:61,0
DA:62,0
DA:65,0
DA:66,0
DA:70,0
DA:71,0
DA:72,0
DA:73,0
DA:74,0
DA:75,0
DA:84,0
DA:85,0
DA:86,0
DA:87,0
DA:88,0
DA:95,0
DA:96,0
DA:98,0
DA:99,0
DA:100,0
DA:105,0
DA:106,0
DA:107,0
DA:109,0
DA:111,0
DA:118,0
DA:119,0
DA:121,0
DA:132,0
DA:133,0
DA:135,0
DA:146,0
DA:147,0
DA:149,0
DA:150,0
DA:163,0
DA:166,0
DA:184,0
DA:187,0
DA:188,0
DA:189,0
DA:190,0
DA:191,0
DA:192,0
DA:194,0
DA:195,0
DA:196,0
DA:197,0
DA:199,0
DA:200,0
DA:201,0
DA:203,0
DA:204,0
DA:207,0
DA:208,0
DA:209,0
DA:210,0
DA:212,0
DA:213,0
DA:214,0
DA:217,0
DA:218,0
DA:219,0
DA:220,0
DA:222,0
DA:223,0
DA:224,0
DA:227,0
DA:228,0
DA:229,0
DA:230,0
DA:231,0
DA:235,0
DA:236,0
DA:237,0
DA:241,0
DA:242,0
DA:244,0
DA:245,0
DA:246,0
DA:248,0
DA:249,0
DA:256,0
DA:257,0
DA:258,0
DA:260,0
DA:264,0
DA:268,0
DA:269,0
DA:270,0
DA:272,0
DA:273,0
DA:274,0
DA:277,0
DA:282,0
DA:283,0
DA:287,0
DA:288,0
DA:290,0
DA:291,0
DA:292,0
DA:293,0
DA:296,0
DA:297,0
DA:298,0
DA:299,0
DA:301,0
DA:309,0
DA:310,0
DA:311,0
DA:315,0
DA:322,0
DA:324,0
DA:330,0
DA:334,0
DA:335,0
DA:336,0
DA:337,0
DA:343,1
DA:344,1
LF:128
LH:10
BRDA:51,0,0,5
BRDA:51,0,1,9
BRDA:52,1,0,4
BRDA:52,1,1,5
BRDA:62,2,0,0
BRDA:62,2,1,0
BRDA:65,3,0,0
BRDA:65,3,1,0
BRDA:65,4,0,0
BRDA:65,4,1,0
BRDA:70,5,0,0
BRDA:70,5,1,0
BRDA:70,6,0,0
BRDA:70,6,1,0
BRDA:73,7,0,0
BRDA:73,7,1,0
BRDA:85,8,0,0
BRDA:85,8,1,0
BRDA:95,9,0,0
BRDA:95,9,1,0
BRDA:105,10,0,0
BRDA:105,10,1,0
BRDA:107,11,0,0
BRDA:107,11,1,0
BRDA:119,12,0,0
BRDA:119,12,1,0
BRDA:124,13,0,0
BRDA:124,13,1,0
BRDA:125,14,0,0
BRDA:125,14,1,0
BRDA:133,15,0,0
BRDA:133,15,1,0
BRDA:138,16,0,0
BRDA:138,16,1,0
BRDA:139,17,0,0
BRDA:139,17,1,0
BRDA:147,18,0,0
BRDA:147,18,1,0
BRDA:149,19,0,0
BRDA:149,19,1,0
BRDA:194,20,0,0
BRDA:194,20,1,0
BRDA:195,21,0,0
BRDA:195,21,1,0
BRDA:199,22,0,0
BRDA:199,22,1,0
BRDA:203,23,0,0
BRDA:203,23,1,0
BRDA:204,24,0,0
BRDA:204,24,1,0
BRDA:212,25,0,0
BRDA:212,25,1,0
BRDA:213,26,0,0
BRDA:213,26,1,0
BRDA:214,27,0,0
BRDA:214,27,1,0
BRDA:222,28,0,0
BRDA:222,28,1,0
BRDA:223,29,0,0
BRDA:223,29,1,0
BRDA:224,30,0,0
BRDA:224,30,1,0
BRDA:229,31,0,0
BRDA:229,31,1,0
BRDA:230,32,0,0
BRDA:230,32,1,0
BRDA:244,33,0,0
BRDA:244,33,1,0
BRDA:248,34,0,0
BRDA:248,34,1,0
BRDA:256,35,0,0
BRDA:256,35,1,0
BRDA:272,36,0,0
BRDA:272,36,1,0
BRDA:272,37,0,0
BRDA:272,37,1,0
BRDA:272,37,2,0
BRDA:283,38,0,0
BRDA:283,38,1,0
BRDA:291,39,0,0
BRDA:291,39,1,0
BRDA:297,40,0,0
BRDA:297,40,1,0
BRDA:309,41,0,0
BRDA:309,41,1,0
BRDA:334,42,0,0
BRDA:334,42,1,0
BRDA:343,43,0,1
BRDA:343,43,1,0
BRDA:343,44,0,1
BRDA:343,44,1,1
BRF:91
BRH:7
end_of_record
